<?xml version="1.0" encoding="UTF-8"?>
<!-- Generated by org.testng.reporters.JUnitReportReporter -->
<testsuite hostname="LapWinX-DAC104" failures="0" tests="1" name="Common.BaseClass" time="11.793" errors="0" timestamp="2021-11-09T15:11:34 IST" skipped="0">
  <testcase classname="Common.BaseClass" name="InitializeBrowser" time="11.793"/>
  <system-out/>
</testsuite> <!-- Common.BaseClass -->
